<?xml version="1.0" encoding="UTF-8"?>
<!-- Generated by org.testng.reporters.JUnitReportReporter -->
<testsuite skipped="0" hostname="ARPGL000810" name="com.qa.testcases.LoginPageTest" tests="6" failures="0" timestamp="2020-09-18T17:38:35 IST" time="101.354" errors="0">
  <testcase name="loginPageTitleTest" time="9.706" classname="com.qa.testcases.LoginPageTest"/>
  <system-out/>
  <testcase name="UITest" time="9.895" classname="com.qa.testcases.LoginPageTest"/>
  <system-out/>
  <testcase name="stdUserLoginTest" time="18.871" classname="com.qa.testcases.LoginPageTest"/>
  <system-out/>
  <testcase name="multiUserLoginTest" time="25.642" classname="com.qa.testcases.LoginPageTest"/>
  <system-out/>
  <testcase name="multiUserLoginTest" time="10.146" classname="com.qa.testcases.LoginPageTest"/>
  <system-out/>
  <testcase name="multiUserLoginTest" time="27.094" classname="com.qa.testcases.LoginPageTest"/>
  <system-out/>
</testsuite> <!-- com.qa.testcases.LoginPageTest -->
