<?xml version="1.0" encoding="UTF-8"?>
<!-- Generated by org.testng.reporters.JUnitReportReporter -->
<testsuite skipped="0" hostname="ARPGL000810" name="com.qa.testcases.ProductsPageTest" tests="4" failures="0" timestamp="2020-09-18T17:38:35 IST" time="124.368" errors="0">
  <testcase name="sortingTest" time="27.416" classname="com.qa.testcases.ProductsPageTest"/>
  <system-out/>
  <testcase name="sortingTest" time="26.536" classname="com.qa.testcases.ProductsPageTest"/>
  <system-out/>
  <testcase name="sortingTest" time="25.900" classname="com.qa.testcases.ProductsPageTest"/>
  <system-out/>
  <testcase name="sortingTest" time="44.516" classname="com.qa.testcases.ProductsPageTest"/>
  <system-out/>
</testsuite> <!-- com.qa.testcases.ProductsPageTest -->
