<?xml version="1.0" encoding="UTF-8"?>
<!-- Generated by org.testng.reporters.JUnitReportReporter -->
<testsuite skipped="0" hostname="ARPGL000810" name="com.qa.testcases.LoginPageTest" tests="6" failures="0" timestamp="2020-09-18T17:43:12 IST" time="124.748" errors="0">
  <testcase name="loginPageTitleTest" time="11.641" classname="com.qa.testcases.LoginPageTest"/>
  <system-out/>
  <testcase name="UITest" time="10.212" classname="com.qa.testcases.LoginPageTest"/>
  <system-out/>
  <testcase name="stdUserLoginTest" time="31.987" classname="com.qa.testcases.LoginPageTest"/>
  <system-out/>
  <testcase name="multiUserLoginTest" time="32.105" classname="com.qa.testcases.LoginPageTest"/>
  <system-out/>
  <testcase name="multiUserLoginTest" time="27.734" classname="com.qa.testcases.LoginPageTest"/>
  <system-out/>
  <testcase name="multiUserLoginTest" time="11.069" classname="com.qa.testcases.LoginPageTest"/>
  <system-out/>
</testsuite> <!-- com.qa.testcases.LoginPageTest -->
