<?xml version="1.0" encoding="UTF-8"?>
<!-- Generated by org.testng.reporters.JUnitReportReporter -->
<testsuite skipped="0" hostname="ARPGL000810" name="com.qa.testcases.LoginPageTest" tests="4" failures="0" timestamp="2020-09-18T16:27:21 IST" time="38.815" errors="0">
  <testcase name="loginPageTitleTest" time="8.972" classname="com.qa.testcases.LoginPageTest"/>
  <system-out/>
  <testcase name="loginPageTitleTest" time="10.013" classname="com.qa.testcases.LoginPageTest"/>
  <system-out/>
  <testcase name="UITest" time="9.480" classname="com.qa.testcases.LoginPageTest"/>
  <system-out/>
  <testcase name="UITest" time="10.350" classname="com.qa.testcases.LoginPageTest"/>
  <system-out/>
</testsuite> <!-- com.qa.testcases.LoginPageTest -->
