<?xml version="1.0" encoding="UTF-8"?>
<!-- Generated by org.testng.reporters.JUnitReportReporter -->
<testsuite skipped="0" hostname="ARPGL000810" name="com.qa.testcases.LoginPageTest" tests="2" failures="0" timestamp="2020-09-18T16:48:39 IST" time="20.370" errors="0">
  <testcase name="loginPageTitleTest" time="9.765" classname="com.qa.testcases.LoginPageTest"/>
  <system-out/>
  <testcase name="UITest" time="10.605" classname="com.qa.testcases.LoginPageTest"/>
  <system-out/>
</testsuite> <!-- com.qa.testcases.LoginPageTest -->
