<?xml version="1.0" encoding="UTF-8"?>
<!-- Generated by org.testng.reporters.JUnitReportReporter -->
<testsuite skipped="1" hostname="ARPGL000810" name="com.qa.testcases.LoginPageTest" tests="2" failures="0" timestamp="2020-09-06T20:25:03 IST" time="21.850" errors="0">
  <testcase name="loginPageTitleTest" time="10.148" classname="com.qa.testcases.LoginPageTest">
    <skipped/>
  </testcase> <!-- loginPageTitleTest -->
  <system-out/>
  <testcase name="UITest" time="11.702" classname="com.qa.testcases.LoginPageTest"/>
  <system-out/>
</testsuite> <!-- com.qa.testcases.LoginPageTest -->
